{
  "RSpec": {
    "coverage": {
      "/Users/student/Scripts/bookmark_manager/spec/bookmark_spec.rb": [
        1,
        null,
        1,
        null
      ],
      "/Users/student/Scripts/bookmark_manager/lib/bookmark.rb": [
        1,
        null
      ],
      "/Users/student/Scripts/bookmark_manager/spec/features/testing_bookmarks_spec.rb": [
        1,
        1,
        1,
        1,
        null,
        null
      ],
      "/Users/student/Scripts/bookmark_manager/spec/features/testing_homepage_spec.rb": [
        1,
        1,
        1,
        1,
        null,
        null
      ]
    },
    "timestamp": 1556035396
  }
}
