{
  "RSpec": {
    "coverage": {
      "/Users/student/Desktop/Projects/Week_4/bookmark_manager/spec/bookmark_spec.rb": [
        1,
        null,
        1,
        1,
        1,
        1,
        null,
        null,
        1,
        1,
        1,
        1,
        null,
        null,
        null
      ],
      "/Users/student/Desktop/Projects/Week_4/bookmark_manager/spec/features/testing_bookmarks_spec.rb": [
        1,
        1,
        1,
        1,
        1,
        1,
        1,
        null,
        null
      ],
      "/Users/student/Desktop/Projects/Week_4/bookmark_manager/spec/features/testing_homepage_spec.rb": [
        1,
        1,
        1,
        1,
        null,
        null
      ]
    },
    "timestamp": 1556123869
  }
}
